<?xml version="1.0" encoding="UTF-8"?>
<!-- Generated by org.testng.reporters.JUnitXMLReporter -->
<testsuite ignored="1" hostname="DESKTOP-IOFHJH3" failures="1" tests="4" name="Test" time="64.303" errors="0" timestamp="2024-09-26T11:36:52 IST">
  <testcase classname="seleniumpractices.ParallenTesting" name="VerifyMultiselectionDropdown" time="0.271"/>
  <testcase classname="seleniumpractices.ParallenTesting" name="VerifyTitle" time="0.068">
    <failure type="java.lang.AssertionError" message="The following asserts failed:
	expected [  PracticeAutomationHere] but found [PracticeAutomationHere]">
      <![CDATA[java.lang.AssertionError: The following asserts failed:
expected [  PracticeAutomationHere] but found [PracticeAutomationHere]
at seleniumpractices.ParallenTesting.VerifyTitle(ParallenTesting.java:33)
at java.base/java.util.ArrayList.forEach(ArrayList.java:1597)
... Removed 27 stack frames]]>
    </failure>
  </testcase> <!-- VerifyTitle -->
  <testcase classname="seleniumpractices.ParallenTesting" name="VerifyURL" time="0.026"/>
  <testcase classname="seleniumpractices.ParallenTesting" name="Verifybutton2isEnabled" time="0.074"/>
  <testcase classname="seleniumpractices.ParallenTesting" name="Verifybutton1isdisplayed" time="0.0">
    <ignored/>
  </testcase> <!-- Verifybutton1isdisplayed -->
</testsuite> <!-- Test -->
